
> vibe-generated-app@1.0.0 dev
> vite


  VITE v5.4.20  ready in 272 ms

  ➜  Local:   http://localhost:3000/
  ➜  Network: http://172.20.10.157:3000/
11:33:42 AM [vite] Pre-transform error: Failed to resolve import "react-datepicker" from "src/components/Booking.jsx". Does the file exist?
11:33:42 AM [vite] Pre-transform error: Failed to resolve import "@heroicons/react/24/outline" from "src/components/Services.jsx". Does the file exist?
11:33:42 AM [vite] Pre-transform error: Failed to resolve import "@heroicons/react/24/outline" from "src/components/Services.jsx". Does the file exist?
11:33:42 AM [vite] Pre-transform error: Failed to resolve import "@heroicons/react/24/outline" from "src/components/Navbar.jsx". Does the file exist?
11:33:43 AM [vite] Internal server error: Failed to resolve import "@heroicons/react/24/outline" from "src/components/Navbar.jsx". Does the file exist?
  Plugin: vite:import-analysis
  File: /home/workspace/src/components/Navbar.jsx:3:73
  2  |  import { useEffect, useState } from "react";
  3  |  import { Link, NavLink } from "react-router-dom";
  4  |  import { Bars3Icon, XMarkIcon, MoonIcon, SunIcon, CodeBracketIcon } from "@heroicons/react/24/outline";
     |                                                                            ^
  5  |  function ThemeToggle() {
  6  |    const [theme, setTheme] = useState(() => localStorage.getItem("theme") || "dark");
      at TransformPluginContext._formatError (file:///home/workspace/node_modules/vite/dist/node/chunks/dep-D_zLpgQd.js:49258:41)
      at TransformPluginContext.error (file:///home/workspace/node_modules/vite/dist/node/chunks/dep-D_zLpgQd.js:49253:16)
      at normalizeUrl (file:///home/workspace/node_modules/vite/dist/node/chunks/dep-D_zLpgQd.js:64306:23)
      at process.processTicksAndRejections (node:internal/process/task_queues:105:5)
      at async file:///home/workspace/node_modules/vite/dist/node/chunks/dep-D_zLpgQd.js:64438:39
      at async Promise.all (index 3)
      at async TransformPluginContext.transform (file:///home/workspace/node_modules/vite/dist/node/chunks/dep-D_zLpgQd.js:64365:7)
      at async PluginContainer.transform (file:///home/workspace/node_modules/vite/dist/node/chunks/dep-D_zLpgQd.js:49099:18)
      at async loadAndTransform (file:///home/workspace/node_modules/vite/dist/node/chunks/dep-D_zLpgQd.js:51977:27)
      at async viteTransformMiddleware (file:///home/workspace/node_modules/vite/dist/node/chunks/dep-D_zLpgQd.js:62105:24)
11:33:43 AM [vite] Internal server error: Failed to resolve import "@heroicons/react/24/outline" from "src/components/Services.jsx". Does the file exist?
  Plugin: vite:import-analysis
  File: /home/workspace/src/components/Services.jsx:1:86
  1  |  import { jsxDEV } from "react/jsx-dev-runtime";
  2  |  import { CodeBracketIcon, CpuChipIcon, RocketLaunchIcon, WrenchScrewdriverIcon } from "@heroicons/react/24/outline";
     |                                                                                         ^
  3  |  const services = [
  4  |    {
      at TransformPluginContext._formatError (file:///home/workspace/node_modules/vite/dist/node/chunks/dep-D_zLpgQd.js:49258:41)
      at TransformPluginContext.error (file:///home/workspace/node_modules/vite/dist/node/chunks/dep-D_zLpgQd.js:49253:16)
      at normalizeUrl (file:///home/workspace/node_modules/vite/dist/node/chunks/dep-D_zLpgQd.js:64306:23)
      at process.processTicksAndRejections (node:internal/process/task_queues:105:5)
      at async file:///home/workspace/node_modules/vite/dist/node/chunks/dep-D_zLpgQd.js:64438:39
      at async Promise.all (index 1)
      at async TransformPluginContext.transform (file:///home/workspace/node_modules/vite/dist/node/chunks/dep-D_zLpgQd.js:64365:7)
      at async PluginContainer.transform (file:///home/workspace/node_modules/vite/dist/node/chunks/dep-D_zLpgQd.js:49099:18)
      at async loadAndTransform (file:///home/workspace/node_modules/vite/dist/node/chunks/dep-D_zLpgQd.js:51977:27)
      at async viteTransformMiddleware (file:///home/workspace/node_modules/vite/dist/node/chunks/dep-D_zLpgQd.js:62105:24)
11:33:43 AM [vite] Internal server error: Failed to resolve import "react-datepicker" from "src/components/Booking.jsx". Does the file exist?
  Plugin: vite:import-analysis
  File: /home/workspace/src/components/Booking.jsx:2:23
  1  |  import { jsxDEV } from "react/jsx-dev-runtime";
  2  |  import { useState } from "react";
  3  |  import DatePicker from "react-datepicker";
     |                          ^
  4  |  import "react-datepicker/dist/react-datepicker.css";
  5  |  export default function Booking() {
      at TransformPluginContext._formatError (file:///home/workspace/node_modules/vite/dist/node/chunks/dep-D_zLpgQd.js:49258:41)
      at TransformPluginContext.error (file:///home/workspace/node_modules/vite/dist/node/chunks/dep-D_zLpgQd.js:49253:16)
      at normalizeUrl (file:///home/workspace/node_modules/vite/dist/node/chunks/dep-D_zLpgQd.js:64306:23)
      at process.processTicksAndRejections (node:internal/process/task_queues:105:5)
      at async file:///home/workspace/node_modules/vite/dist/node/chunks/dep-D_zLpgQd.js:64438:39
      at async Promise.all (index 2)
      at async TransformPluginContext.transform (file:///home/workspace/node_modules/vite/dist/node/chunks/dep-D_zLpgQd.js:64365:7)
      at async PluginContainer.transform (file:///home/workspace/node_modules/vite/dist/node/chunks/dep-D_zLpgQd.js:49099:18)
      at async loadAndTransform (file:///home/workspace/node_modules/vite/dist/node/chunks/dep-D_zLpgQd.js:51977:27)
      at async viteTransformMiddleware (file:///home/workspace/node_modules/vite/dist/node/chunks/dep-D_zLpgQd.js:62105:24)
11:34:08 AM [vite] Internal server error: Failed to resolve import "@heroicons/react/24/outline" from "src/components/Navbar.jsx". Does the file exist?
  Plugin: vite:import-analysis
  File: /home/workspace/src/components/Navbar.jsx:3:73
  2  |  import { useEffect, useState } from "react";
  3  |  import { Link, NavLink } from "react-router-dom";
  4  |  import { Bars3Icon, XMarkIcon, MoonIcon, SunIcon, CodeBracketIcon } from "@heroicons/react/24/outline";
     |                                                                            ^
  5  |  function ThemeToggle() {
  6  |    const [theme, setTheme] = useState(() => localStorage.getItem("theme") || "dark");
      at TransformPluginContext._formatError (file:///home/workspace/node_modules/vite/dist/node/chunks/dep-D_zLpgQd.js:49258:41)
      at TransformPluginContext.error (file:///home/workspace/node_modules/vite/dist/node/chunks/dep-D_zLpgQd.js:49253:16)
      at normalizeUrl (file:///home/workspace/node_modules/vite/dist/node/chunks/dep-D_zLpgQd.js:64306:23)
      at process.processTicksAndRejections (node:internal/process/task_queues:105:5)
      at async file:///home/workspace/node_modules/vite/dist/node/chunks/dep-D_zLpgQd.js:64438:39
      at async Promise.all (index 3)
      at async TransformPluginContext.transform (file:///home/workspace/node_modules/vite/dist/node/chunks/dep-D_zLpgQd.js:64365:7)
      at async PluginContainer.transform (file:///home/workspace/node_modules/vite/dist/node/chunks/dep-D_zLpgQd.js:49099:18)
      at async loadAndTransform (file:///home/workspace/node_modules/vite/dist/node/chunks/dep-D_zLpgQd.js:51977:27)
      at async viteTransformMiddleware (file:///home/workspace/node_modules/vite/dist/node/chunks/dep-D_zLpgQd.js:62105:24)
11:34:08 AM [vite] Internal server error: Failed to resolve import "@heroicons/react/24/outline" from "src/components/Services.jsx". Does the file exist?
  Plugin: vite:import-analysis
  File: /home/workspace/src/components/Services.jsx:1:86
  1  |  import { jsxDEV } from "react/jsx-dev-runtime";
  2  |  import { CodeBracketIcon, CpuChipIcon, RocketLaunchIcon, WrenchScrewdriverIcon } from "@heroicons/react/24/outline";
     |                                                                                         ^
  3  |  const services = [
  4  |    {
      at TransformPluginContext._formatError (file:///home/workspace/node_modules/vite/dist/node/chunks/dep-D_zLpgQd.js:49258:41)
      at TransformPluginContext.error (file:///home/workspace/node_modules/vite/dist/node/chunks/dep-D_zLpgQd.js:49253:16)
      at normalizeUrl (file:///home/workspace/node_modules/vite/dist/node/chunks/dep-D_zLpgQd.js:64306:23)
      at process.processTicksAndRejections (node:internal/process/task_queues:105:5)
      at async file:///home/workspace/node_modules/vite/dist/node/chunks/dep-D_zLpgQd.js:64438:39
      at async Promise.all (index 1)
      at async TransformPluginContext.transform (file:///home/workspace/node_modules/vite/dist/node/chunks/dep-D_zLpgQd.js:64365:7)
      at async PluginContainer.transform (file:///home/workspace/node_modules/vite/dist/node/chunks/dep-D_zLpgQd.js:49099:18)
      at async loadAndTransform (file:///home/workspace/node_modules/vite/dist/node/chunks/dep-D_zLpgQd.js:51977:27)
      at async viteTransformMiddleware (file:///home/workspace/node_modules/vite/dist/node/chunks/dep-D_zLpgQd.js:62105:24)
11:34:08 AM [vite] Internal server error: Failed to resolve import "react-datepicker" from "src/components/Booking.jsx". Does the file exist?
  Plugin: vite:import-analysis
  File: /home/workspace/src/components/Booking.jsx:2:23
  1  |  import { jsxDEV } from "react/jsx-dev-runtime";
  2  |  import { useState } from "react";
  3  |  import DatePicker from "react-datepicker";
     |                          ^
  4  |  import "react-datepicker/dist/react-datepicker.css";
  5  |  export default function Booking() {
      at TransformPluginContext._formatError (file:///home/workspace/node_modules/vite/dist/node/chunks/dep-D_zLpgQd.js:49258:41)
      at TransformPluginContext.error (file:///home/workspace/node_modules/vite/dist/node/chunks/dep-D_zLpgQd.js:49253:16)
      at normalizeUrl (file:///home/workspace/node_modules/vite/dist/node/chunks/dep-D_zLpgQd.js:64306:23)
      at process.processTicksAndRejections (node:internal/process/task_queues:105:5)
      at async file:///home/workspace/node_modules/vite/dist/node/chunks/dep-D_zLpgQd.js:64438:39
      at async Promise.all (index 2)
      at async TransformPluginContext.transform (file:///home/workspace/node_modules/vite/dist/node/chunks/dep-D_zLpgQd.js:64365:7)
      at async PluginContainer.transform (file:///home/workspace/node_modules/vite/dist/node/chunks/dep-D_zLpgQd.js:49099:18)
      at async loadAndTransform (file:///home/workspace/node_modules/vite/dist/node/chunks/dep-D_zLpgQd.js:51977:27)
      at async viteTransformMiddleware (file:///home/workspace/node_modules/vite/dist/node/chunks/dep-D_zLpgQd.js:62105:24)
